<?xml version="1.0" encoding="UTF-8"?>
<!-- Generated by org.testng.reporters.JUnitReportReporter -->
<testsuite hostname="cskpcloudwn3819" failures="0" tests="1" name="com.Amazon.Stream.WaitTest" time="8.640" errors="0" timestamp="2021-03-31T11:52:42 PDT" skipped="0">
  <testcase classname="com.Amazon.Stream.WaitTest" name="validateWait" time="8.640"/>
  <system-out/>
</testsuite> <!-- com.Amazon.Stream.WaitTest -->
