<?xml version="1.0" encoding="UTF-8"?>
<!-- Generated by org.testng.reporters.JUnitReportReporter -->
<testsuite hostname="cskpcloudwn3819" failures="0" tests="1" name="com.Amazon.Stream.JavaExecutor" time="10.589" errors="0" timestamp="2021-03-30T23:43:42 PDT" skipped="0">
  <testcase classname="com.Amazon.Stream.JavaExecutor" name="validateJavaExecuteor" time="10.589"/>
  <system-out/>
</testsuite> <!-- com.Amazon.Stream.JavaExecutor -->
