<?xml version="1.0" encoding="UTF-8"?>
<!-- Generated by org.testng.reporters.JUnitReportReporter -->
<testsuite hostname="cskpcloudwn3819" failures="0" tests="1" name="com.Amazon.Stream.TC01CheckNumberOfLinks" time="11.621" errors="0" timestamp="2021-03-31T07:19:10 PDT" skipped="0">
  <testcase classname="com.Amazon.Stream.TC01CheckNumberOfLinks" name="validateLinks" time="11.621"/>
  <system-out/>
</testsuite> <!-- com.Amazon.Stream.TC01CheckNumberOfLinks -->
