<?xml version="1.0" encoding="UTF-8"?>
<!-- Generated by org.testng.reporters.JUnitReportReporter -->
<testsuite hostname="cskpcloudwn3819" failures="0" tests="1" name="com.Amazon.Stream.DropDownDemo" time="12.997" errors="0" timestamp="2021-03-31T07:28:03 PDT" skipped="0">
  <testcase classname="com.Amazon.Stream.DropDownDemo" name="validateDropDown" time="12.997"/>
  <system-out/>
</testsuite> <!-- com.Amazon.Stream.DropDownDemo -->
