<?xml version="1.0" encoding="UTF-8"?>
<!-- Generated by org.testng.reporters.JUnitReportReporter -->
<testsuite hostname="cskpcloudwn3819" failures="0" tests="1" name="DropDownDemo" time="12.299" errors="0" timestamp="2021-03-25T13:29:21 PDT" skipped="0">
  <testcase classname="DropDownDemo" name="validateDropDown" time="12.299"/>
  <system-out/>
</testsuite> <!-- DropDownDemo -->
